[2024-01-08 09:44:52,572: INFO: main: This is our custom log!]
[2024-01-08 10:16:39,684: INFO: common: yaml file: config\config.yaml loaded successfully]
[2024-01-08 10:16:39,691: INFO: common: yaml file: params.yaml loaded successfully]
[2024-01-08 10:16:39,696: INFO: common: yaml file: schema.yaml loaded successfully]
[2024-01-08 10:16:39,701: INFO: common: created directory at: artifacts]
[2024-01-08 10:16:39,703: INFO: common: created directory at: artifacts/data_ingestion]
[2024-01-08 10:16:40,779: INFO: 3549864064: artifacts/data_ingestion/data.zip download! with following info: 
Connection: close
Content-Length: 23329
Cache-Control: max-age=300
Content-Security-Policy: default-src 'none'; style-src 'unsafe-inline'; sandbox
Content-Type: application/zip
ETag: "c69888a4ae59bc5a893392785a938ccd4937981c06ba8a9d6a21aa52b4ab5b6e"
Strict-Transport-Security: max-age=31536000
X-Content-Type-Options: nosniff
X-Frame-Options: deny
X-XSS-Protection: 1; mode=block
X-GitHub-Request-Id: 13F4:25A039:304E5:3C8C4:659C3C0A
Accept-Ranges: bytes
Date: Mon, 08 Jan 2024 18:16:42 GMT
Via: 1.1 varnish
X-Served-By: cache-qpg1227-QPG
X-Cache: MISS
X-Cache-Hits: 0
X-Timer: S1704737802.221680,VS0,VE292
Vary: Authorization,Accept-Encoding,Origin
Access-Control-Allow-Origin: *
Cross-Origin-Resource-Policy: cross-origin
X-Fastly-Request-ID: 0f334cc72b72ed42a30971acfbc3d10dd04a016e
Expires: Mon, 08 Jan 2024 18:21:42 GMT
Source-Age: 0

]
